<?xml version="1.0" encoding="UTF-8"?>
<!-- Generated by org.testng.reporters.JUnitReportReporter -->
<testsuite skipped="0" hostname="LAPTOP-PL6EGF9T" name="TestNGpractise.TestNgdemo" tests="2" failures="0" timestamp="03 Jul 2021 11:25:47 GMT" time="0.018" errors="0">
  <testcase name="Youtubeerror" time="0.016" classname="TestNGpractise.TestNgdemo"/>
  <testcase name="Youtubelogin" time="0.002" classname="TestNGpractise.TestNgdemo"/>
</testsuite> <!-- TestNGpractise.TestNgdemo -->
