<?xml version="1.0" encoding="UTF-8"?>
<!-- Generated by org.testng.reporters.JUnitReportReporter -->
<testsuite hostname="LAPTOP-PL6EGF9T" failures="0" tests="1" name="com.rediff.datepicker.Datepickertryrediff" time="42.238" errors="0" timestamp="2021-07-07T22:46:21 IST" skipped="0">
  <testcase classname="com.rediff.datepicker.Datepickertryrediff" name="datepicker" time="42.238"/>
  <system-out/>
</testsuite> <!-- com.rediff.datepicker.Datepickertryrediff -->
