<?xml version="1.0" encoding="UTF-8"?>
<!-- Generated by org.testng.reporters.JUnitReportReporter -->
<testsuite skipped="0" hostname="LAPTOP-PL6EGF9T" name="TestNGParttwo.Secondtry" tests="2" failures="0" timestamp="03 Jul 2021 10:26:41 GMT" time="0.008" errors="0">
  <testcase name="FBLogin" time="0.003" classname="TestNGParttwo.Secondtry"/>
  <testcase name="FBLoginerror" time="0.005" classname="TestNGParttwo.Secondtry"/>
</testsuite> <!-- TestNGParttwo.Secondtry -->
